#
# There is insufficient memory for the Java Runtime Environment to continue.
# Native memory allocation (mmap) failed to map 43515904 bytes for committing reserved memory.
# Possible reasons:
#   The system is out of physical RAM or swap space
#   In 32 bit mode, the process size limit was hit
# Possible solutions:
#   Reduce memory load on the system
#   Increase physical memory or swap space
#   Check if swap backing store is full
#   Use 64 bit Java on a 64 bit OS
#   Decrease Java heap size (-Xmx/-Xms)
#   Decrease number of Java threads
#   Decrease Java thread stack sizes (-Xss)
#   Set larger code cache with -XX:ReservedCodeCacheSize=
# This output file may be truncated or incomplete.
#
#  Out of Memory Error (os_linux.cpp:2671), pid=25735, tid=140272706410240
#
# JRE version:  (8.0_25-b17) (build )
# Java VM: Java HotSpot(TM) 64-Bit Server VM (25.25-b02 mixed mode linux-amd64 compressed oops)
# Failed to write core dump. Core dumps have been disabled. To enable core dumping, try "ulimit -c unlimited" before starting Java again
#

---------------  T H R E A D  ---------------

Current thread (0x00007f93c0044000):  JavaThread "Unknown thread" [_thread_in_vm, id=25738, stack(0x00007f93c8c65000,0x00007f93c8d66000)]

Stack: [0x00007f93c8c65000,0x00007f93c8d66000],  sp=0x00007f93c8d643f0,  free space=1020k
Native frames: (J=compiled Java code, j=interpreted, Vv=VM code, C=native code)
V  [libjvm.so+0xa7923a]  VMError::report_and_die()+0x2ca
V  [libjvm.so+0x4e552b]  report_vm_out_of_memory(char const*, int, unsigned long, VMErrorType, char const*)+0x8b
V  [libjvm.so+0x8e5613]  os::Linux::commit_memory_impl(char*, unsigned long, bool)+0x103
V  [libjvm.so+0x8e5b69]  os::pd_commit_memory(char*, unsigned long, unsigned long, bool)+0x29
V  [libjvm.so+0x8df83a]  os::commit_memory(char*, unsigned long, unsigned long, bool)+0x2a
V  [libjvm.so+0x94f923]  PSVirtualSpace::expand_by(unsigned long)+0x53
V  [libjvm.so+0x93fe99]  PSOldGen::initialize(ReservedSpace, unsigned long, char const*, int)+0xb9
V  [libjvm.so+0x2d2856]  AdjoiningGenerations::AdjoiningGenerations(ReservedSpace, GenerationSizer*, unsigned long)+0x3a6
V  [libjvm.so+0x906f2e]  ParallelScavengeHeap::initialize()+0x1ae
V  [libjvm.so+0xa4528d]  Universe::initialize_heap()+0xfd
V  [libjvm.so+0xa456af]  universe_init()+0x3f
V  [libjvm.so+0x612435]  init_globals()+0x65
V  [libjvm.so+0xa2b25d]  Threads::create_vm(JavaVMInitArgs*, bool*)+0x24d
V  [libjvm.so+0x6a9704]  JNI_CreateJavaVM+0x74
C  [libjli.so+0x736e]  JavaMain+0x9e
C  [libpthread.so.0+0x7ce2]  start_thread+0xc2


---------------  P R O C E S S  ---------------

Java Threads: ( => current thread )

Other Threads:

=>0x00007f93c0044000 (exited) JavaThread "Unknown thread" [_thread_in_vm, id=25738, stack(0x00007f93c8c65000,0x00007f93c8d66000)]

VM state:not at safepoint (not fully initialized)

VM Mutex/Monitor currently owned by a thread: None

GC Heap History (0 events):
No events

Deoptimization events (0 events):
No events

Internal exceptions (0 events):
No events

Events (0 events):
No events


Dynamic libraries:
00400000-00401000 r-xp 00000000 08:01 390191                             /opt/jdk1.8.0_25/bin/java
00600000-00601000 rw-p 00000000 08:01 390191                             /opt/jdk1.8.0_25/bin/java
025ef000-02610000 rw-p 00000000 00:00 0                                  [heap]
c6180000-ebd80000 ---p 00000000 00:00 0 
ebd80000-ed200000 rw-p 00000000 00:00 0 
ed200000-100000000 ---p 00000000 00:00 0 
7f93b1000000-7f93b1270000 rwxp 00000000 00:00 0 
7f93b1270000-7f93c0000000 ---p 00000000 00:00 0 
7f93c0000000-7f93c006c000 rw-p 00000000 00:00 0 
7f93c006c000-7f93c4000000 ---p 00000000 00:00 0 
7f93c500d000-7f93c5282000 rw-p 00000000 00:00 0 
7f93c5282000-7f93c53c4000 ---p 00000000 00:00 0 
7f93c53c4000-7f93c53cf000 rw-p 00000000 00:00 0 
7f93c53cf000-7f93c5466000 ---p 00000000 00:00 0 
7f93c5466000-7f93c5471000 rw-p 00000000 00:00 0 
7f93c5471000-7f93c5827000 ---p 00000000 00:00 0 
7f93c5827000-7f93c5841000 r-xp 00000000 08:01 390417                     /opt/jdk1.8.0_25/jre/lib/amd64/libzip.so
7f93c5841000-7f93c5a41000 ---p 0001a000 08:01 390417                     /opt/jdk1.8.0_25/jre/lib/amd64/libzip.so
7f93c5a41000-7f93c5a42000 rw-p 0001a000 08:01 390417                     /opt/jdk1.8.0_25/jre/lib/amd64/libzip.so
7f93c5a42000-7f93c5a4e000 r-xp 00000000 08:01 360557                     /lib64/libnss_files-2.17.so
7f93c5a4e000-7f93c5c4d000 ---p 0000c000 08:01 360557                     /lib64/libnss_files-2.17.so
7f93c5c4d000-7f93c5c4e000 r--p 0000b000 08:01 360557                     /lib64/libnss_files-2.17.so
7f93c5c4e000-7f93c5c4f000 rw-p 0000c000 08:01 360557                     /lib64/libnss_files-2.17.so
7f93c5c4f000-7f93c5c5a000 r-xp 00000000 08:01 360563                     /lib64/libnss_nis-2.17.so
7f93c5c5a000-7f93c5e59000 ---p 0000b000 08:01 360563                     /lib64/libnss_nis-2.17.so
7f93c5e59000-7f93c5e5a000 r--p 0000a000 08:01 360563                     /lib64/libnss_nis-2.17.so
7f93c5e5a000-7f93c5e5b000 rw-p 0000b000 08:01 360563                     /lib64/libnss_nis-2.17.so
7f93c5e5b000-7f93c5e72000 r-xp 00000000 08:01 360545                     /lib64/libnsl-2.17.so
7f93c5e72000-7f93c6071000 ---p 00017000 08:01 360545                     /lib64/libnsl-2.17.so
7f93c6071000-7f93c6072000 r--p 00016000 08:01 360545                     /lib64/libnsl-2.17.so
7f93c6072000-7f93c6073000 rw-p 00017000 08:01 360545                     /lib64/libnsl-2.17.so
7f93c6073000-7f93c6075000 rw-p 00000000 00:00 0 
7f93c6075000-7f93c607e000 r-xp 00000000 08:01 360548                     /lib64/libnss_compat-2.17.so
7f93c607e000-7f93c627d000 ---p 00009000 08:01 360548                     /lib64/libnss_compat-2.17.so
7f93c627d000-7f93c627e000 r--p 00008000 08:01 360548                     /lib64/libnss_compat-2.17.so
7f93c627e000-7f93c627f000 rw-p 00009000 08:01 360548                     /lib64/libnss_compat-2.17.so
7f93c627f000-7f93c6281000 r-xp 00000000 08:01 770670                     /usr/lib64/gconv/ISO8859-1.so
7f93c6281000-7f93c6480000 ---p 00002000 08:01 770670                     /usr/lib64/gconv/ISO8859-1.so
7f93c6480000-7f93c6481000 r--p 00001000 08:01 770670                     /usr/lib64/gconv/ISO8859-1.so
7f93c6481000-7f93c6482000 rw-p 00002000 08:01 770670                     /usr/lib64/gconv/ISO8859-1.so
7f93c6482000-7f93c6484000 r-xp 00000000 08:01 390393                     /opt/jdk1.8.0_25/jre/lib/amd64/libnpt.so
7f93c6484000-7f93c6684000 ---p 00002000 08:01 390393                     /opt/jdk1.8.0_25/jre/lib/amd64/libnpt.so
7f93c6684000-7f93c6685000 rw-p 00002000 08:01 390393                     /opt/jdk1.8.0_25/jre/lib/amd64/libnpt.so
7f93c6685000-7f93c66be000 r-xp 00000000 08:01 390377                     /opt/jdk1.8.0_25/jre/lib/amd64/libjdwp.so
7f93c66be000-7f93c68bd000 ---p 00039000 08:01 390377                     /opt/jdk1.8.0_25/jre/lib/amd64/libjdwp.so
7f93c68bd000-7f93c68bf000 rw-p 00038000 08:01 390377                     /opt/jdk1.8.0_25/jre/lib/amd64/libjdwp.so
7f93c68bf000-7f93c68e9000 r-xp 00000000 08:01 390330                     /opt/jdk1.8.0_25/jre/lib/amd64/libjava.so
7f93c68e9000-7f93c6ae9000 ---p 0002a000 08:01 390330                     /opt/jdk1.8.0_25/jre/lib/amd64/libjava.so
7f93c6ae9000-7f93c6aeb000 rw-p 0002a000 08:01 390330                     /opt/jdk1.8.0_25/jre/lib/amd64/libjava.so
7f93c6aeb000-7f93c6af8000 r-xp 00000000 08:01 390416                     /opt/jdk1.8.0_25/jre/lib/amd64/libverify.so
7f93c6af8000-7f93c6cf8000 ---p 0000d000 08:01 390416                     /opt/jdk1.8.0_25/jre/lib/amd64/libverify.so
7f93c6cf8000-7f93c6cfa000 rw-p 0000d000 08:01 390416                     /opt/jdk1.8.0_25/jre/lib/amd64/libverify.so
7f93c6cfa000-7f93c6d01000 r-xp 00000000 08:01 360583                     /lib64/librt-2.17.so
7f93c6d01000-7f93c6f00000 ---p 00007000 08:01 360583                     /lib64/librt-2.17.so
7f93c6f00000-7f93c6f01000 r--p 00006000 08:01 360583                     /lib64/librt-2.17.so
7f93c6f01000-7f93c6f02000 rw-p 00007000 08:01 360583                     /lib64/librt-2.17.so
7f93c6f02000-7f93c7003000 r-xp 00000000 08:01 360535                     /lib64/libm-2.17.so
7f93c7003000-7f93c7202000 ---p 00101000 08:01 360535                     /lib64/libm-2.17.so
7f93c7202000-7f93c7203000 r--p 00100000 08:01 360535                     /lib64/libm-2.17.so
7f93c7203000-7f93c7204000 rw-p 00101000 08:01 360535                     /lib64/libm-2.17.so
7f93c7204000-7f93c7e71000 r-xp 00000000 08:01 390691                     /opt/jdk1.8.0_25/jre/lib/amd64/server/libjvm.so
7f93c7e71000-7f93c8070000 ---p 00c6d000 08:01 390691                     /opt/jdk1.8.0_25/jre/lib/amd64/server/libjvm.so
7f93c8070000-7f93c8146000 rw-p 00c6c000 08:01 390691                     /opt/jdk1.8.0_25/jre/lib/amd64/server/libjvm.so
7f93c8146000-7f93c8189000 rw-p 00000000 00:00 0 
7f93c8189000-7f93c8348000 r-xp 00000000 08:01 360472                     /lib64/libc-2.17.so
7f93c8348000-7f93c8547000 ---p 001bf000 08:01 360472                     /lib64/libc-2.17.so
7f93c8547000-7f93c854b000 r--p 001be000 08:01 360472                     /lib64/libc-2.17.so
7f93c854b000-7f93c854d000 rw-p 001c2000 08:01 360472                     /lib64/libc-2.17.so
7f93c854d000-7f93c8552000 rw-p 00000000 00:00 0 
7f93c8552000-7f93c8555000 r-xp 00000000 08:01 360500                     /lib64/libdl-2.17.so
7f93c8555000-7f93c8754000 ---p 00003000 08:01 360500                     /lib64/libdl-2.17.so
7f93c8754000-7f93c8755000 r--p 00002000 08:01 360500                     /lib64/libdl-2.17.so
7f93c8755000-7f93c8756000 rw-p 00003000 08:01 360500                     /lib64/libdl-2.17.so
7f93c8756000-7f93c876b000 r-xp 00000000 08:01 395521                     /opt/jdk1.8.0_25/lib/amd64/jli/libjli.so
7f93c876b000-7f93c896a000 ---p 00015000 08:01 395521                     /opt/jdk1.8.0_25/lib/amd64/jli/libjli.so
7f93c896a000-7f93c896b000 rw-p 00014000 08:01 395521                     /opt/jdk1.8.0_25/lib/amd64/jli/libjli.so
7f93c896b000-7f93c8982000 r-xp 00000000 08:01 360576                     /lib64/libpthread-2.17.so
7f93c8982000-7f93c8b82000 ---p 00017000 08:01 360576                     /lib64/libpthread-2.17.so
7f93c8b82000-7f93c8b83000 r--p 00017000 08:01 360576                     /lib64/libpthread-2.17.so
7f93c8b83000-7f93c8b84000 rw-p 00018000 08:01 360576                     /lib64/libpthread-2.17.so
7f93c8b84000-7f93c8b88000 rw-p 00000000 00:00 0 
7f93c8b88000-7f93c8bab000 r-xp 00000000 08:01 360451                     /lib64/ld-2.17.so
7f93c8c2e000-7f93c8c65000 r--p 00000000 08:01 66490                      /usr/lib64/locale/en_US/LC_CTYPE
7f93c8c65000-7f93c8c68000 ---p 00000000 00:00 0 
7f93c8c68000-7f93c8d6a000 rw-p 00000000 00:00 0                          [stack:25738]
7f93c8d93000-7f93c8d96000 rw-p 00000000 00:00 0 
7f93c8d96000-7f93c8d9e000 rw-s 00000000 08:01 41503                      /tmp/hsperfdata_craig/25735
7f93c8d9e000-7f93c8d9f000 r--p 00000000 08:01 66555                      /usr/lib64/locale/en_US/LC_NUMERIC
7f93c8d9f000-7f93c8da0000 r--p 00000000 08:01 67814                      /usr/lib64/locale/en_US/LC_TIME
7f93c8da0000-7f93c8da1000 r--p 00000000 08:01 67812                      /usr/lib64/locale/en_US/LC_MONETARY
7f93c8da1000-7f93c8da2000 r--p 00000000 08:01 67523                      /usr/lib64/locale/en_US/LC_MESSAGES/SYS_LC_MESSAGES
7f93c8da2000-7f93c8da3000 r--p 00000000 08:01 67406                      /usr/lib64/locale/en_US/LC_PAPER
7f93c8da3000-7f93c8da4000 r--p 00000000 08:01 67435                      /usr/lib64/locale/en_US/LC_NAME
7f93c8da4000-7f93c8da5000 r--p 00000000 08:01 67809                      /usr/lib64/locale/en_US/LC_ADDRESS
7f93c8da5000-7f93c8da6000 r--p 00000000 08:01 67813                      /usr/lib64/locale/en_US/LC_TELEPHONE
7f93c8da6000-7f93c8da7000 r--p 00000000 08:01 67811                      /usr/lib64/locale/en_US/LC_MEASUREMENT
7f93c8da7000-7f93c8da8000 r--p 00000000 08:01 67810                      /usr/lib64/locale/en_US/LC_IDENTIFICATION
7f93c8da8000-7f93c8da9000 rw-p 00000000 00:00 0 
7f93c8da9000-7f93c8daa000 r--p 00000000 00:00 0 
7f93c8daa000-7f93c8dab000 rw-p 00000000 00:00 0 
7f93c8dab000-7f93c8dac000 r--p 00023000 08:01 360451                     /lib64/ld-2.17.so
7f93c8dac000-7f93c8dae000 rw-p 00024000 08:01 360451                     /lib64/ld-2.17.so
7fff82c24000-7fff82c46000 rw-p 00000000 00:00 0                          [stack]
7fff82dff000-7fff82e00000 r-xp 00000000 00:00 0                          [vdso]
ffffffffff600000-ffffffffff601000 r-xp 00000000 00:00 0                  [vsyscall]

VM Arguments:
jvm_args: -ea -Xrunjdwp:transport=dt_socket,server=y,suspend=n,address=59860 -Xdebug -Xnoagent -Djava.compiler=NONE -Ddrjava.debug.port=59860 -Dedu.rice.cs.cunit.concJUnit.check.join.enabled=false -Dedu.rice.cs.cunit.concJUnit.check.lucky.enabled=false -Dedu.rice.cs.cunit.concJUnit.check.threads.enabled=false -Djava.rmi.server.hostname=127.0.0.1 
java_command: edu.rice.cs.plt.concurrent.ProcessTaskController$Runner
java_class_path (initial): /home/craig/Desktop/drjava-stable-20140826-r5761.jar
Launcher Type: SUN_STANDARD

Environment Variables:
PATH=/usr/local/bin:/usr/bin:/bin:/usr/games:/usr/lib64/kde4/libexec:/usr/lib64/qt/bin:/usr/share/texmf/bin:/opt/jdk1.8.0_25/jre/bin:/opt/jdk1.8.0_25/bin
LD_LIBRARY_PATH=:.:.
SHELL=/bin/bash
DISPLAY=:0

Signal Handlers:
SIGSEGV: [libjvm.so+0xa79a80], sa_mask[0]=11111111011111111101111111111110, sa_flags=SA_RESTART|SA_SIGINFO
SIGBUS: [libjvm.so+0xa79a80], sa_mask[0]=11111111011111111101111111111110, sa_flags=SA_RESTART|SA_SIGINFO
SIGFPE: [libjvm.so+0x8e24e0], sa_mask[0]=11111111011111111101111111111110, sa_flags=SA_RESTART|SA_SIGINFO
SIGPIPE: [libjvm.so+0x8e24e0], sa_mask[0]=11111111011111111101111111111110, sa_flags=SA_RESTART|SA_SIGINFO
SIGXFSZ: [libjvm.so+0x8e24e0], sa_mask[0]=11111111011111111101111111111110, sa_flags=SA_RESTART|SA_SIGINFO
SIGILL: [libjvm.so+0x8e24e0], sa_mask[0]=11111111011111111101111111111110, sa_flags=SA_RESTART|SA_SIGINFO
SIGUSR1: SIG_DFL, sa_mask[0]=00000000000000000000000000000000, sa_flags=none
SIGUSR2: [libjvm.so+0x8e3d10], sa_mask[0]=00100000000000000000000000000000, sa_flags=SA_RESTART|SA_SIGINFO
SIGHUP: SIG_DFL, sa_mask[0]=00000000000000000000000000000000, sa_flags=none
SIGINT: SIG_IGN, sa_mask[0]=00000000000000000000000000000000, sa_flags=none
SIGTERM: SIG_DFL, sa_mask[0]=00000000000000000000000000000000, sa_flags=none
SIGQUIT: SIG_DFL, sa_mask[0]=00000000000000000000000000000000, sa_flags=none


---------------  S Y S T E M  ---------------

OS:NAME=Slackware
VERSION="14.1"
ID=slackware
VERSION_ID=14.1
PRETTY_NAME="Slackware 14.1"
ANSI_COLOR="0;34"
CPE_NAME="cpe:/o:slackware:slackware_linux:14.1"
HOME_URL="http://slackware.com/"
SUPPORT_URL="http://www.linuxquestions.org/questions/slackware-14/"
BUG_REPORT_URL="http://www.linuxquestions.org/questions/slackware-14/"

uname:Linux 3.10.17 #2 SMP Wed Oct 23 16:34:38 CDT 2013 x86_64
libc:glibc 2.17 NPTL 2.17 
rlimit: STACK 8192k, CORE 0k, NPROC 30937, NOFILE 4096, AS infinity
load average:12.33 7.72 4.07

/proc/meminfo:
MemTotal:        3962708 kB
MemFree:          197208 kB
Buffers:              56 kB
Cached:            19112 kB
SwapCached:            0 kB
Active:          3415676 kB
Inactive:          17852 kB
Active(anon):    3415492 kB
Inactive(anon):    11248 kB
Active(file):        184 kB
Inactive(file):     6604 kB
Unevictable:         132 kB
Mlocked:             132 kB
SwapTotal:             0 kB
SwapFree:              0 kB
Dirty:                52 kB
Writeback:            80 kB
AnonPages:       3414712 kB
Mapped:           151720 kB
Shmem:             12224 kB
Slab:              76840 kB
SReclaimable:      40976 kB
SUnreclaim:        35864 kB
KernelStack:        3744 kB
PageTables:        37408 kB
NFS_Unstable:          0 kB
Bounce:                0 kB
WritebackTmp:          0 kB
CommitLimit:     1981352 kB
Committed_AS:    7250500 kB
VmallocTotal:   34359738367 kB
VmallocUsed:      120688 kB
VmallocChunk:   34359586812 kB
AnonHugePages:    151552 kB
DirectMap4k:     3076924 kB
DirectMap2M:     1042432 kB


CPU:total 8 (4 cores per cpu, 2 threads per core) family 6 model 30 stepping 5, cmov, cx8, fxsr, mmx, sse, sse2, sse3, ssse3, sse4.1, sse4.2, popcnt, ht, tsc, tscinvbit

/proc/cpuinfo:
processor	: 0
vendor_id	: GenuineIntel
cpu family	: 6
model		: 30
model name	: Intel(R) Core(TM) i7 CPU         860  @ 2.80GHz
stepping	: 5
microcode	: 0x3
cpu MHz		: 2794.000
cache size	: 8192 KB
physical id	: 0
siblings	: 8
core id		: 0
cpu cores	: 4
apicid		: 0
initial apicid	: 0
fpu		: yes
fpu_exception	: yes
cpuid level	: 11
wp		: yes
flags		: fpu vme de pse tsc msr pae mce cx8 apic sep mtrr pge mca cmov pat pse36 clflush dts acpi mmx fxsr sse sse2 ss ht tm pbe syscall nx rdtscp lm constant_tsc arch_perfmon pebs bts rep_good nopl xtopology nonstop_tsc aperfmperf pni dtes64 monitor ds_cpl vmx smx est tm2 ssse3 cx16 xtpr pdcm sse4_1 sse4_2 popcnt lahf_lm ida dtherm tpr_shadow vnmi flexpriority ept vpid
bogomips	: 5585.71
clflush size	: 64
cache_alignment	: 64
address sizes	: 36 bits physical, 48 bits virtual
power management:

processor	: 1
vendor_id	: GenuineIntel
cpu family	: 6
model		: 30
model name	: Intel(R) Core(TM) i7 CPU         860  @ 2.80GHz
stepping	: 5
microcode	: 0x3
cpu MHz		: 2794.000
cache size	: 8192 KB
physical id	: 0
siblings	: 8
core id		: 1
cpu cores	: 4
apicid		: 2
initial apicid	: 2
fpu		: yes
fpu_exception	: yes
cpuid level	: 11
wp		: yes
flags		: fpu vme de pse tsc msr pae mce cx8 apic sep mtrr pge mca cmov pat pse36 clflush dts acpi mmx fxsr sse sse2 ss ht tm pbe syscall nx rdtscp lm constant_tsc arch_perfmon pebs bts rep_good nopl xtopology nonstop_tsc aperfmperf pni dtes64 monitor ds_cpl vmx smx est tm2 ssse3 cx16 xtpr pdcm sse4_1 sse4_2 popcnt lahf_lm ida dtherm tpr_shadow vnmi flexpriority ept vpid
bogomips	: 5585.71
clflush size	: 64
cache_alignment	: 64
address sizes	: 36 bits physical, 48 bits virtual
power management:

processor	: 2
vendor_id	: GenuineIntel
cpu family	: 6
model		: 30
model name	: Intel(R) Core(TM) i7 CPU         860  @ 2.80GHz
stepping	: 5
microcode	: 0x3
cpu MHz		: 2794.000
cache size	: 8192 KB
physical id	: 0
siblings	: 8
core id		: 2
cpu cores	: 4
apicid		: 4
initial apicid	: 4
fpu		: yes
fpu_exception	: yes
cpuid level	: 11
wp		: yes
flags		: fpu vme de pse tsc msr pae mce cx8 apic sep mtrr pge mca cmov pat pse36 clflush dts acpi mmx fxsr sse sse2 ss ht tm pbe syscall nx rdtscp lm constant_tsc arch_perfmon pebs bts rep_good nopl xtopology nonstop_tsc aperfmperf pni dtes64 monitor ds_cpl vmx smx est tm2 ssse3 cx16 xtpr pdcm sse4_1 sse4_2 popcnt lahf_lm ida dtherm tpr_shadow vnmi flexpriority ept vpid
bogomips	: 5585.71
clflush size	: 64
cache_alignment	: 64
address sizes	: 36 bits physical, 48 bits virtual
power management:

processor	: 3
vendor_id	: GenuineIntel
cpu family	: 6
model		: 30
model name	: Intel(R) Core(TM) i7 CPU         860  @ 2.80GHz
stepping	: 5
microcode	: 0x3
cpu MHz		: 2794.000
cache size	: 8192 KB
physical id	: 0
siblings	: 8
core id		: 3
cpu cores	: 4
apicid		: 6
initial apicid	: 6
fpu		: yes
fpu_exception	: yes
cpuid level	: 11
wp		: yes
flags		: fpu vme de pse tsc msr pae mce cx8 apic sep mtrr pge mca cmov pat pse36 clflush dts acpi mmx fxsr sse sse2 ss ht tm pbe syscall nx rdtscp lm constant_tsc arch_perfmon pebs bts rep_good nopl xtopology nonstop_tsc aperfmperf pni dtes64 monitor ds_cpl vmx smx est tm2 ssse3 cx16 xtpr pdcm sse4_1 sse4_2 popcnt lahf_lm ida dtherm tpr_shadow vnmi flexpriority ept vpid
bogomips	: 5585.71
clflush size	: 64
cache_alignment	: 64
address sizes	: 36 bits physical, 48 bits virtual
power management:

processor	: 4
vendor_id	: GenuineIntel
cpu family	: 6
model		: 30
model name	: Intel(R) Core(TM) i7 CPU         860  @ 2.80GHz
stepping	: 5
microcode	: 0x3
cpu MHz		: 2794.000
cache size	: 8192 KB
physical id	: 0
siblings	: 8
core id		: 0
cpu cores	: 4
apicid		: 1
initial apicid	: 1
fpu		: yes
fpu_exception	: yes
cpuid level	: 11
wp		: yes
flags		: fpu vme de pse tsc msr pae mce cx8 apic sep mtrr pge mca cmov pat pse36 clflush dts acpi mmx fxsr sse sse2 ss ht tm pbe syscall nx rdtscp lm constant_tsc arch_perfmon pebs bts rep_good nopl xtopology nonstop_tsc aperfmperf pni dtes64 monitor ds_cpl vmx smx est tm2 ssse3 cx16 xtpr pdcm sse4_1 sse4_2 popcnt lahf_lm ida dtherm tpr_shadow vnmi flexpriority ept vpid
bogomips	: 5585.71
clflush size	: 64
cache_alignment	: 64
address sizes	: 36 bits physical, 48 bits virtual
power management:

processor	: 5
vendor_id	: GenuineIntel
cpu family	: 6
model		: 30
model name	: Intel(R) Core(TM) i7 CPU         860  @ 2.80GHz
stepping	: 5
microcode	: 0x3
cpu MHz		: 2794.000
cache size	: 8192 KB
physical id	: 0
siblings	: 8
core id		: 1
cpu cores	: 4
apicid		: 3
initial apicid	: 3
fpu		: yes
fpu_exception	: yes
cpuid level	: 11
wp		: yes
flags		: fpu vme de pse tsc msr pae mce cx8 apic sep mtrr pge mca cmov pat pse36 clflush dts acpi mmx fxsr sse sse2 ss ht tm pbe syscall nx rdtscp lm constant_tsc arch_perfmon pebs bts rep_good nopl xtopology nonstop_tsc aperfmperf pni dtes64 monitor ds_cpl vmx smx est tm2 ssse3 cx16 xtpr pdcm sse4_1 sse4_2 popcnt lahf_lm ida dtherm tpr_shadow vnmi flexpriority ept vpid
bogomips	: 5585.71
clflush size	: 64
cache_alignment	: 64
address sizes	: 36 bits physical, 48 bits virtual
power management:

processor	: 6
vendor_id	: GenuineIntel
cpu family	: 6
model		: 30
model name	: Intel(R) Core(TM) i7 CPU         860  @ 2.80GHz
stepping	: 5
microcode	: 0x3
cpu MHz		: 2794.000
cache size	: 8192 KB
physical id	: 0
siblings	: 8
core id		: 2
cpu cores	: 4
apicid		: 5
initial apicid	: 5
fpu		: yes
fpu_exception	: yes
cpuid level	: 11
wp		: yes
flags		: fpu vme de pse tsc msr pae mce cx8 apic sep mtrr pge mca cmov pat pse36 clflush dts acpi mmx fxsr sse sse2 ss ht tm pbe syscall nx rdtscp lm constant_tsc arch_perfmon pebs bts rep_good nopl xtopology nonstop_tsc aperfmperf pni dtes64 monitor ds_cpl vmx smx est tm2 ssse3 cx16 xtpr pdcm sse4_1 sse4_2 popcnt lahf_lm ida dtherm tpr_shadow vnmi flexpriority ept vpid
bogomips	: 5585.71
clflush size	: 64
cache_alignment	: 64
address sizes	: 36 bits physical, 48 bits virtual
power management:

processor	: 7
vendor_id	: GenuineIntel
cpu family	: 6
model		: 30
model name	: Intel(R) Core(TM) i7 CPU         860  @ 2.80GHz
stepping	: 5
microcode	: 0x3
cpu MHz		: 2794.000
cache size	: 8192 KB
physical id	: 0
siblings	: 8
core id		: 3
cpu cores	: 4
apicid		: 7
initial apicid	: 7
fpu		: yes
fpu_exception	: yes
cpuid level	: 11
wp		: yes
flags		: fpu vme de pse tsc msr pae mce cx8 apic sep mtrr pge mca cmov pat pse36 clflush dts acpi mmx fxsr sse sse2 ss ht tm pbe syscall nx rdtscp lm constant_tsc arch_perfmon pebs bts rep_good nopl xtopology nonstop_tsc aperfmperf pni dtes64 monitor ds_cpl vmx smx est tm2 ssse3 cx16 xtpr pdcm sse4_1 sse4_2 popcnt lahf_lm ida dtherm tpr_shadow vnmi flexpriority ept vpid
bogomips	: 5585.71
clflush size	: 64
cache_alignment	: 64
address sizes	: 36 bits physical, 48 bits virtual
power management:



Memory: 4k page, physical 3962708k(201744k free), swap 0k(0k free)

vm_info: Java HotSpot(TM) 64-Bit Server VM (25.25-b02) for linux-amd64 JRE (1.8.0_25-b17), built on Sep 17 2014 17:32:11 by "java_re" with gcc 4.3.0 20080428 (Red Hat 4.3.0-8)

time: Mon Jul 27 11:43:47 2015
elapsed time: 44 seconds (0d 0h 0m 44s)

